<?xml version="1.0" encoding="UTF-8"?>
<testsuite name="com.tourGuide.gps.GpsApplicationTests" tests="1" skipped="0" failures="0" errors="0" timestamp="2020-12-30T19:54:47" hostname="PC-LUDO-2020" time="0.005">
  <properties/>
  <testcase name="contextLoads()" classname="com.tourGuide.gps.GpsApplicationTests" time="0.005"/>
  <system-out><![CDATA[2020-12-30 20:54:45.484  INFO 42140 --- [    Test worker] .b.t.c.SpringBootTestContextBootstrapper : Neither @ContextConfiguration nor @ContextHierarchy found for test class [com.tourGuide.gps.GpsApplicationTests], using SpringBootContextLoader
2020-12-30 20:54:45.485  INFO 42140 --- [    Test worker] o.s.t.c.support.AbstractContextLoader    : Could not detect default resource locations for test class [com.tourGuide.gps.GpsApplicationTests]: no resource found for suffixes {-context.xml, Context.groovy}.
2020-12-30 20:54:45.486  INFO 42140 --- [    Test worker] t.c.s.AnnotationConfigContextLoaderUtils : Could not detect default configuration classes for test class [com.tourGuide.gps.GpsApplicationTests]: GpsApplicationTests does not declare any static, non-private, non-final, nested classes annotated with @Configuration.
2020-12-30 20:54:45.490  INFO 42140 --- [    Test worker] .b.t.c.SpringBootTestContextBootstrapper : Found @SpringBootConfiguration com.tourGuide.gps.GpsApplication for test class com.tourGuide.gps.GpsApplicationTests
2020-12-30 20:54:45.493  INFO 42140 --- [    Test worker] .b.t.c.SpringBootTestContextBootstrapper : Loaded default TestExecutionListener class names from location [META-INF/spring.factories]: [org.springframework.boot.test.autoconfigure.restdocs.RestDocsTestExecutionListener, org.springframework.boot.test.autoconfigure.web.client.MockRestServiceServerResetTestExecutionListener, org.springframework.boot.test.autoconfigure.web.servlet.MockMvcPrintOnlyOnFailureTestExecutionListener, org.springframework.boot.test.autoconfigure.web.servlet.WebDriverTestExecutionListener, org.springframework.boot.test.autoconfigure.webservices.client.MockWebServiceServerTestExecutionListener, org.springframework.boot.test.mock.mockito.MockitoTestExecutionListener, org.springframework.boot.test.mock.mockito.ResetMocksTestExecutionListener, org.springframework.test.context.web.ServletTestExecutionListener, org.springframework.test.context.support.DirtiesContextBeforeModesTestExecutionListener, org.springframework.test.context.support.DependencyInjectionTestExecutionListener, org.springframework.test.context.support.DirtiesContextTestExecutionListener, org.springframework.test.context.transaction.TransactionalTestExecutionListener, org.springframework.test.context.jdbc.SqlScriptsTestExecutionListener, org.springframework.test.context.event.EventPublishingTestExecutionListener]
2020-12-30 20:54:45.495  INFO 42140 --- [    Test worker] .b.t.c.SpringBootTestContextBootstrapper : Using TestExecutionListeners: [org.springframework.test.context.web.ServletTestExecutionListener@2bc07b4c, org.springframework.test.context.support.DirtiesContextBeforeModesTestExecutionListener@453e2c0c, org.springframework.boot.test.mock.mockito.MockitoTestExecutionListener@76454a9f, org.springframework.boot.test.autoconfigure.SpringBootDependencyInjectionTestExecutionListener@746da59d, org.springframework.test.context.support.DirtiesContextTestExecutionListener@5c5fba47, org.springframework.test.context.event.EventPublishingTestExecutionListener@6835b38c, org.springframework.boot.test.autoconfigure.restdocs.RestDocsTestExecutionListener@34f80da7, org.springframework.boot.test.autoconfigure.web.client.MockRestServiceServerResetTestExecutionListener@2d2007e8, org.springframework.boot.test.autoconfigure.web.servlet.MockMvcPrintOnlyOnFailureTestExecutionListener@c8c1d89, org.springframework.boot.test.autoconfigure.web.servlet.WebDriverTestExecutionListener@49607647, org.springframework.boot.test.autoconfigure.webservices.client.MockWebServiceServerTestExecutionListener@3d01cff9, org.springframework.boot.test.mock.mockito.ResetMocksTestExecutionListener@10b390f6]

  .   ____          _            __ _ _
 /\\ / ___'_ __ _ _(_)_ __  __ _ \ \ \ \
( ( )\___ | '_ | '_| | '_ \/ _` | \ \ \ \
 \\/  ___)| |_)| | | | | || (_| |  ) ) ) )
  '  |____| .__|_| |_|_| |_\__, | / / / /
 =========|_|==============|___/=/_/_/_/
 :: Spring Boot ::       (v2.4.0-SNAPSHOT)

2020-12-30 20:54:45.566  INFO 42140 --- [    Test worker] com.tourGuide.gps.GpsApplicationTests    : Starting GpsApplicationTests using Java 14.0.2 on PC-LUDO-2020 with PID 42140 (started by Ludo in C:\Users\Ludo\Documents\Eclipse\workspace\TourGuide\TourGuide-GPS)
2020-12-30 20:54:45.566 DEBUG 42140 --- [    Test worker] com.tourGuide.gps.GpsApplicationTests    : Running with Spring Boot v2.4.0-SNAPSHOT, Spring v5.3.1
2020-12-30 20:54:45.566  INFO 42140 --- [    Test worker] com.tourGuide.gps.GpsApplicationTests    : The following profiles are active: dev
2020-12-30 20:54:46.004  INFO 42140 --- [    Test worker] o.s.cloud.context.scope.GenericScope     : BeanFactory id=d9e8ddfc-80ab-35e3-af97-8eaf4687ae88
2020-12-30 20:54:46.040  INFO 42140 --- [    Test worker] trationDelegate$BeanPostProcessorChecker : Bean 'com.tourGuide.gps.proxies.MicroserviceRewardsProxy' of type [org.springframework.cloud.openfeign.FeignClientFactoryBean] is not eligible for getting processed by all BeanPostProcessors (for example: not eligible for auto-proxying)
2020-12-30 20:54:46.041  INFO 42140 --- [    Test worker] trationDelegate$BeanPostProcessorChecker : Bean 'com.tourGuide.gps.proxies.MicroserviceUserProxy' of type [org.springframework.cloud.openfeign.FeignClientFactoryBean] is not eligible for getting processed by all BeanPostProcessors (for example: not eligible for auto-proxying)
2020-12-30 20:54:46.664  INFO 42140 --- [    Test worker] o.s.b.a.e.web.EndpointLinksResolver      : Exposing 2 endpoint(s) beneath base path '/actuator'
2020-12-30 20:54:46.970  INFO 42140 --- [    Test worker] o.s.s.concurrent.ThreadPoolTaskExecutor  : Initializing ExecutorService 'applicationTaskExecutor'
2020-12-30 20:54:47.362  INFO 42140 --- [    Test worker] com.tourGuide.gps.GpsApplicationTests    : Started GpsApplicationTests in 1.864 seconds (JVM running for 15.114)
]]></system-out>
  <system-err><![CDATA[]]></system-err>
</testsuite>
