<?xml version="1.0" encoding="UTF-8"?>
<testsuite name="com.tourGuide.gps.util.DistanceCalculatorTest" tests="1" skipped="0" failures="0" errors="0" timestamp="2020-12-30T19:54:49" hostname="PC-LUDO-2020" time="0.004">
  <properties/>
  <testcase name="Get distance in Miles - OK" classname="com.tourGuide.gps.util.DistanceCalculatorTest" time="0.004"/>
  <system-out><![CDATA[2020-12-30 20:54:49.261  INFO 42140 --- [    Test worker] .b.t.c.SpringBootTestContextBootstrapper : Neither @ContextConfiguration nor @ContextHierarchy found for test class [com.tourGuide.gps.util.DistanceCalculatorTest], using SpringBootContextLoader
2020-12-30 20:54:49.262  INFO 42140 --- [    Test worker] o.s.t.c.support.AbstractContextLoader    : Could not detect default resource locations for test class [com.tourGuide.gps.util.DistanceCalculatorTest]: no resource found for suffixes {-context.xml, Context.groovy}.
2020-12-30 20:54:49.263  INFO 42140 --- [    Test worker] t.c.s.AnnotationConfigContextLoaderUtils : Could not detect default configuration classes for test class [com.tourGuide.gps.util.DistanceCalculatorTest]: DistanceCalculatorTest does not declare any static, non-private, non-final, nested classes annotated with @Configuration.
2020-12-30 20:54:49.268  INFO 42140 --- [    Test worker] .b.t.c.SpringBootTestContextBootstrapper : Found @SpringBootConfiguration com.tourGuide.gps.GpsApplication for test class com.tourGuide.gps.util.DistanceCalculatorTest
2020-12-30 20:54:49.270  INFO 42140 --- [    Test worker] .b.t.c.SpringBootTestContextBootstrapper : Loaded default TestExecutionListener class names from location [META-INF/spring.factories]: [org.springframework.boot.test.autoconfigure.restdocs.RestDocsTestExecutionListener, org.springframework.boot.test.autoconfigure.web.client.MockRestServiceServerResetTestExecutionListener, org.springframework.boot.test.autoconfigure.web.servlet.MockMvcPrintOnlyOnFailureTestExecutionListener, org.springframework.boot.test.autoconfigure.web.servlet.WebDriverTestExecutionListener, org.springframework.boot.test.autoconfigure.webservices.client.MockWebServiceServerTestExecutionListener, org.springframework.boot.test.mock.mockito.MockitoTestExecutionListener, org.springframework.boot.test.mock.mockito.ResetMocksTestExecutionListener, org.springframework.test.context.web.ServletTestExecutionListener, org.springframework.test.context.support.DirtiesContextBeforeModesTestExecutionListener, org.springframework.test.context.support.DependencyInjectionTestExecutionListener, org.springframework.test.context.support.DirtiesContextTestExecutionListener, org.springframework.test.context.transaction.TransactionalTestExecutionListener, org.springframework.test.context.jdbc.SqlScriptsTestExecutionListener, org.springframework.test.context.event.EventPublishingTestExecutionListener]
2020-12-30 20:54:49.271  INFO 42140 --- [    Test worker] .b.t.c.SpringBootTestContextBootstrapper : Using TestExecutionListeners: [org.springframework.test.context.web.ServletTestExecutionListener@529e0c93, org.springframework.test.context.support.DirtiesContextBeforeModesTestExecutionListener@147e2605, org.springframework.boot.test.mock.mockito.MockitoTestExecutionListener@26bed946, org.springframework.boot.test.autoconfigure.SpringBootDependencyInjectionTestExecutionListener@32a9c7d5, org.springframework.test.context.support.DirtiesContextTestExecutionListener@10f1bf87, org.springframework.test.context.event.EventPublishingTestExecutionListener@755afd92, org.springframework.boot.test.autoconfigure.restdocs.RestDocsTestExecutionListener@257e7e96, org.springframework.boot.test.autoconfigure.web.client.MockRestServiceServerResetTestExecutionListener@59159283, org.springframework.boot.test.autoconfigure.web.servlet.MockMvcPrintOnlyOnFailureTestExecutionListener@448513a1, org.springframework.boot.test.autoconfigure.web.servlet.WebDriverTestExecutionListener@6611d0ce, org.springframework.boot.test.autoconfigure.webservices.client.MockWebServiceServerTestExecutionListener@30cd8854, org.springframework.boot.test.mock.mockito.ResetMocksTestExecutionListener@45b99544]
]]></system-out>
  <system-err><![CDATA[]]></system-err>
</testsuite>
