<?xml version="1.0" encoding="UTF-8"?>
<testsuite name="com.tourGuide.gps.controllers.GpsControllerIT" tests="3" skipped="0" failures="0" errors="0" timestamp="2020-12-30T19:54:40" hostname="PC-LUDO-2020" time="4.519">
  <properties/>
  <testcase name="Get All Attractions - OK" classname="com.tourGuide.gps.controllers.GpsControllerIT" time="0.142"/>
  <testcase name="Get Closest Attractions - OK" classname="com.tourGuide.gps.controllers.GpsControllerIT" time="0.047"/>
  <testcase name="Track User Location - OK" classname="com.tourGuide.gps.controllers.GpsControllerIT" time="0.075"/>
  <system-out><![CDATA[20:54:33.709 [Test worker] DEBUG org.springframework.test.context.BootstrapUtils - Instantiating CacheAwareContextLoaderDelegate from class [org.springframework.test.context.cache.DefaultCacheAwareContextLoaderDelegate]
20:54:33.746 [Test worker] DEBUG org.springframework.test.context.BootstrapUtils - Instantiating BootstrapContext using constructor [public org.springframework.test.context.support.DefaultBootstrapContext(java.lang.Class,org.springframework.test.context.CacheAwareContextLoaderDelegate)]
20:54:33.818 [Test worker] DEBUG org.springframework.test.context.BootstrapUtils - Instantiating TestContextBootstrapper for test class [com.tourGuide.gps.controllers.GpsControllerIT] from class [org.springframework.boot.test.context.SpringBootTestContextBootstrapper]
20:54:33.839 [Test worker] INFO org.springframework.boot.test.context.SpringBootTestContextBootstrapper - Neither @ContextConfiguration nor @ContextHierarchy found for test class [com.tourGuide.gps.controllers.GpsControllerIT], using SpringBootContextLoader
20:54:33.848 [Test worker] DEBUG org.springframework.test.context.support.AbstractContextLoader - Did not detect default resource location for test class [com.tourGuide.gps.controllers.GpsControllerIT]: class path resource [com/tourGuide/gps/controllers/GpsControllerIT-context.xml] does not exist
20:54:33.849 [Test worker] DEBUG org.springframework.test.context.support.AbstractContextLoader - Did not detect default resource location for test class [com.tourGuide.gps.controllers.GpsControllerIT]: class path resource [com/tourGuide/gps/controllers/GpsControllerITContext.groovy] does not exist
20:54:33.850 [Test worker] INFO org.springframework.test.context.support.AbstractContextLoader - Could not detect default resource locations for test class [com.tourGuide.gps.controllers.GpsControllerIT]: no resource found for suffixes {-context.xml, Context.groovy}.
20:54:33.851 [Test worker] INFO org.springframework.test.context.support.AnnotationConfigContextLoaderUtils - Could not detect default configuration classes for test class [com.tourGuide.gps.controllers.GpsControllerIT]: GpsControllerIT does not declare any static, non-private, non-final, nested classes annotated with @Configuration.
20:54:33.957 [Test worker] DEBUG org.springframework.test.context.support.ActiveProfilesUtils - Could not find an 'annotation declaring class' for annotation type [org.springframework.test.context.ActiveProfiles] and class [com.tourGuide.gps.controllers.GpsControllerIT]
20:54:34.102 [Test worker] DEBUG org.springframework.context.annotation.ClassPathScanningCandidateComponentProvider - Identified candidate component class: file [C:\Users\Ludo\Documents\Eclipse\workspace\TourGuide\TourGuide-GPS\build\classes\java\main\com\tourGuide\gps\GpsApplication.class]
20:54:34.104 [Test worker] INFO org.springframework.boot.test.context.SpringBootTestContextBootstrapper - Found @SpringBootConfiguration com.tourGuide.gps.GpsApplication for test class com.tourGuide.gps.controllers.GpsControllerIT
20:54:34.258 [Test worker] DEBUG org.springframework.boot.test.context.SpringBootTestContextBootstrapper - @TestExecutionListeners is not present for class [com.tourGuide.gps.controllers.GpsControllerIT]: using defaults.
20:54:34.259 [Test worker] INFO org.springframework.boot.test.context.SpringBootTestContextBootstrapper - Loaded default TestExecutionListener class names from location [META-INF/spring.factories]: [org.springframework.boot.test.autoconfigure.restdocs.RestDocsTestExecutionListener, org.springframework.boot.test.autoconfigure.web.client.MockRestServiceServerResetTestExecutionListener, org.springframework.boot.test.autoconfigure.web.servlet.MockMvcPrintOnlyOnFailureTestExecutionListener, org.springframework.boot.test.autoconfigure.web.servlet.WebDriverTestExecutionListener, org.springframework.boot.test.autoconfigure.webservices.client.MockWebServiceServerTestExecutionListener, org.springframework.boot.test.mock.mockito.MockitoTestExecutionListener, org.springframework.boot.test.mock.mockito.ResetMocksTestExecutionListener, org.springframework.test.context.web.ServletTestExecutionListener, org.springframework.test.context.support.DirtiesContextBeforeModesTestExecutionListener, org.springframework.test.context.support.DependencyInjectionTestExecutionListener, org.springframework.test.context.support.DirtiesContextTestExecutionListener, org.springframework.test.context.transaction.TransactionalTestExecutionListener, org.springframework.test.context.jdbc.SqlScriptsTestExecutionListener, org.springframework.test.context.event.EventPublishingTestExecutionListener]
20:54:34.278 [Test worker] DEBUG org.springframework.boot.test.context.SpringBootTestContextBootstrapper - Skipping candidate TestExecutionListener [org.springframework.test.context.transaction.TransactionalTestExecutionListener] due to a missing dependency. Specify custom listener classes or make the default listener classes and their required dependencies available. Offending class: [org/springframework/transaction/interceptor/TransactionAttributeSource]
20:54:34.279 [Test worker] DEBUG org.springframework.boot.test.context.SpringBootTestContextBootstrapper - Skipping candidate TestExecutionListener [org.springframework.test.context.jdbc.SqlScriptsTestExecutionListener] due to a missing dependency. Specify custom listener classes or make the default listener classes and their required dependencies available. Offending class: [org/springframework/transaction/interceptor/TransactionAttribute]
20:54:34.280 [Test worker] INFO org.springframework.boot.test.context.SpringBootTestContextBootstrapper - Using TestExecutionListeners: [org.springframework.test.context.web.ServletTestExecutionListener@26480ec4, org.springframework.test.context.support.DirtiesContextBeforeModesTestExecutionListener@7f0442ad, org.springframework.boot.test.mock.mockito.MockitoTestExecutionListener@77fc4c7a, org.springframework.boot.test.autoconfigure.SpringBootDependencyInjectionTestExecutionListener@7bf98dbf, org.springframework.test.context.support.DirtiesContextTestExecutionListener@1da1922a, org.springframework.test.context.event.EventPublishingTestExecutionListener@40edaa19, org.springframework.boot.test.autoconfigure.restdocs.RestDocsTestExecutionListener@5567a1e2, org.springframework.boot.test.autoconfigure.web.client.MockRestServiceServerResetTestExecutionListener@62444a84, org.springframework.boot.test.autoconfigure.web.servlet.MockMvcPrintOnlyOnFailureTestExecutionListener@7365a424, org.springframework.boot.test.autoconfigure.web.servlet.WebDriverTestExecutionListener@5ef56533, org.springframework.boot.test.autoconfigure.webservices.client.MockWebServiceServerTestExecutionListener@36f5a7be, org.springframework.boot.test.mock.mockito.ResetMocksTestExecutionListener@7625cb8e]
20:54:34.284 [Test worker] DEBUG org.springframework.test.context.support.AbstractDirtiesContextTestExecutionListener - Before test class: context [DefaultTestContext@385d40b4 testClass = GpsControllerIT, testInstance = [null], testMethod = [null], testException = [null], mergedContextConfiguration = [WebMergedContextConfiguration@7b054cf5 testClass = GpsControllerIT, locations = '{}', classes = '{class com.tourGuide.gps.GpsApplication}', contextInitializerClasses = '[]', activeProfiles = '{}', propertySourceLocations = '{}', propertySourceProperties = '{org.springframework.boot.test.context.SpringBootTestContextBootstrapper=true}', contextCustomizers = set[org.springframework.boot.test.autoconfigure.actuate.metrics.MetricsExportContextCustomizerFactory$DisableMetricExportContextCustomizer@5e1df39c, org.springframework.boot.test.autoconfigure.properties.PropertyMappingContextCustomizer@4b3fa0b3, org.springframework.boot.test.autoconfigure.web.servlet.WebDriverContextCustomizerFactory$Customizer@c69d1ec, [ImportsContextCustomizer@1c9bd33a key = [org.springframework.boot.test.autoconfigure.web.servlet.MockMvcAutoConfiguration, org.springframework.boot.test.autoconfigure.web.servlet.MockMvcWebClientAutoConfiguration, org.springframework.boot.test.autoconfigure.web.servlet.MockMvcWebDriverAutoConfiguration, org.springframework.boot.autoconfigure.security.oauth2.client.servlet.OAuth2ClientAutoConfiguration, org.springframework.boot.autoconfigure.security.oauth2.resource.servlet.OAuth2ResourceServerAutoConfiguration, org.springframework.boot.autoconfigure.security.servlet.SecurityAutoConfiguration, org.springframework.boot.autoconfigure.security.servlet.SecurityFilterAutoConfiguration, org.springframework.boot.autoconfigure.security.servlet.UserDetailsServiceAutoConfiguration, org.springframework.boot.test.autoconfigure.web.servlet.MockMvcSecurityConfiguration]], org.springframework.boot.test.context.filter.ExcludeFilterContextCustomizer@4f926997, org.springframework.boot.test.json.DuplicateJsonObjectContextCustomizerFactory$DuplicateJsonObjectContextCustomizer@55fcb22e, org.springframework.boot.test.mock.mockito.MockitoContextCustomizer@eddf48c4, org.springframework.boot.test.web.client.TestRestTemplateContextCustomizer@6a4712fc, org.springframework.boot.test.web.reactive.server.WebTestClientContextCustomizer@753c115e, org.springframework.boot.test.context.SpringBootTestArgs@1, org.springframework.boot.test.context.SpringBootTestWebEnvironment@15deaa7a], resourceBasePath = 'src/main/webapp', contextLoader = 'org.springframework.boot.test.context.SpringBootContextLoader', parent = [null]], attributes = map['org.springframework.test.context.web.ServletTestExecutionListener.activateListener' -> true]], class annotated with @DirtiesContext [true] with mode [AFTER_EACH_TEST_METHOD].
20:54:34.333 [Test worker] DEBUG org.springframework.test.context.support.TestPropertySourceUtils - Adding inlined properties to environment: {spring.jmx.enabled=false, org.springframework.boot.test.context.SpringBootTestContextBootstrapper=true}

  .   ____          _            __ _ _
 /\\ / ___'_ __ _ _(_)_ __  __ _ \ \ \ \
( ( )\___ | '_ | '_| | '_ \/ _` | \ \ \ \
 \\/  ___)| |_)| | | | | || (_| |  ) ) ) )
  '  |____| .__|_| |_|_| |_\__, | / / / /
 =========|_|==============|___/=/_/_/_/
 :: Spring Boot ::       (v2.4.0-SNAPSHOT)

2020-12-30 20:54:34.858  INFO 42140 --- [    Test worker] c.t.gps.controllers.GpsControllerIT      : Starting GpsControllerIT using Java 14.0.2 on PC-LUDO-2020 with PID 42140 (started by Ludo in C:\Users\Ludo\Documents\Eclipse\workspace\TourGuide\TourGuide-GPS)
2020-12-30 20:54:34.860 DEBUG 42140 --- [    Test worker] c.t.gps.controllers.GpsControllerIT      : Running with Spring Boot v2.4.0-SNAPSHOT, Spring v5.3.1
2020-12-30 20:54:34.861  INFO 42140 --- [    Test worker] c.t.gps.controllers.GpsControllerIT      : The following profiles are active: dev
2020-12-30 20:54:36.643  INFO 42140 --- [    Test worker] o.s.cloud.context.scope.GenericScope     : BeanFactory id=749c848d-5ae1-3476-8750-db9eb4f3df28
2020-12-30 20:54:38.875  INFO 42140 --- [    Test worker] o.s.b.a.e.web.EndpointLinksResolver      : Exposing 2 endpoint(s) beneath base path '/actuator'
2020-12-30 20:54:39.743  INFO 42140 --- [    Test worker] o.s.s.concurrent.ThreadPoolTaskExecutor  : Initializing ExecutorService 'applicationTaskExecutor'
2020-12-30 20:54:40.241  INFO 42140 --- [    Test worker] o.s.b.t.m.w.SpringBootMockServletContext : Initializing Spring TestDispatcherServlet ''
2020-12-30 20:54:40.241  INFO 42140 --- [    Test worker] o.s.t.web.servlet.TestDispatcherServlet  : Initializing Servlet ''
2020-12-30 20:54:40.243  INFO 42140 --- [    Test worker] o.s.t.web.servlet.TestDispatcherServlet  : Completed initialization in 1 ms
2020-12-30 20:54:40.892  INFO 42140 --- [    Test worker] c.t.gps.controllers.GpsControllerIT      : Started GpsControllerIT in 6.547 seconds (JVM running for 8.643)
2020-12-30 20:54:40.975  INFO 42140 --- [    Test worker] o.s.b.t.m.w.SpringBootMockServletContext : Initializing Spring TestDispatcherServlet ''
2020-12-30 20:54:40.975  INFO 42140 --- [    Test worker] o.s.t.web.servlet.TestDispatcherServlet  : Initializing Servlet ''
2020-12-30 20:54:40.976  INFO 42140 --- [    Test worker] o.s.t.web.servlet.TestDispatcherServlet  : Completed initialization in 1 ms

MockHttpServletRequest:
      HTTP Method = GET
      Request URI = /gps/getAllAttractions
       Parameters = {}
          Headers = [Content-Type:"application/json"]
             Body = <no character encoding set>
    Session Attrs = {}

Handler:
             Type = com.tourGuide.gps.controllers.GpsController
           Method = com.tourGuide.gps.controllers.GpsController#getAllAttractions()

Async:
    Async started = false
     Async result = null

Resolved Exception:
             Type = null

ModelAndView:
        View name = null
             View = null
            Model = null

FlashMap:
       Attributes = null

MockHttpServletResponse:
           Status = 200
    Error message = null
          Headers = [Content-Type:"application/json"]
     Content type = application/json
             Body = []
    Forwarded URL = null
   Redirected URL = null
          Cookies = []
2020-12-30 20:54:41.094  INFO 42140 --- [    Test worker] o.s.s.concurrent.ThreadPoolTaskExecutor  : Shutting down ExecutorService 'applicationTaskExecutor'

  .   ____          _            __ _ _
 /\\ / ___'_ __ _ _(_)_ __  __ _ \ \ \ \
( ( )\___ | '_ | '_| | '_ \/ _` | \ \ \ \
 \\/  ___)| |_)| | | | | || (_| |  ) ) ) )
  '  |____| .__|_| |_|_| |_\__, | / / / /
 =========|_|==============|___/=/_/_/_/
 :: Spring Boot ::       (v2.4.0-SNAPSHOT)

2020-12-30 20:54:41.175  INFO 42140 --- [    Test worker] c.t.gps.controllers.GpsControllerIT      : Starting GpsControllerIT using Java 14.0.2 on PC-LUDO-2020 with PID 42140 (started by Ludo in C:\Users\Ludo\Documents\Eclipse\workspace\TourGuide\TourGuide-GPS)
2020-12-30 20:54:41.176 DEBUG 42140 --- [    Test worker] c.t.gps.controllers.GpsControllerIT      : Running with Spring Boot v2.4.0-SNAPSHOT, Spring v5.3.1
2020-12-30 20:54:41.176  INFO 42140 --- [    Test worker] c.t.gps.controllers.GpsControllerIT      : The following profiles are active: dev
2020-12-30 20:54:41.730  INFO 42140 --- [    Test worker] o.s.cloud.context.scope.GenericScope     : BeanFactory id=749c848d-5ae1-3476-8750-db9eb4f3df28
2020-12-30 20:54:42.373  INFO 42140 --- [    Test worker] o.s.b.a.e.web.EndpointLinksResolver      : Exposing 2 endpoint(s) beneath base path '/actuator'
2020-12-30 20:54:42.701  INFO 42140 --- [    Test worker] o.s.s.concurrent.ThreadPoolTaskExecutor  : Initializing ExecutorService 'applicationTaskExecutor'
2020-12-30 20:54:43.102  INFO 42140 --- [    Test worker] o.s.b.t.m.w.SpringBootMockServletContext : Initializing Spring TestDispatcherServlet ''
2020-12-30 20:54:43.102  INFO 42140 --- [    Test worker] o.s.t.web.servlet.TestDispatcherServlet  : Initializing Servlet ''
2020-12-30 20:54:43.104  INFO 42140 --- [    Test worker] o.s.t.web.servlet.TestDispatcherServlet  : Completed initialization in 1 ms
2020-12-30 20:54:43.470  INFO 42140 --- [    Test worker] c.t.gps.controllers.GpsControllerIT      : Started GpsControllerIT in 2.363 seconds (JVM running for 11.222)
2020-12-30 20:54:43.484  INFO 42140 --- [    Test worker] o.s.b.t.m.w.SpringBootMockServletContext : Initializing Spring TestDispatcherServlet ''
2020-12-30 20:54:43.484  INFO 42140 --- [    Test worker] o.s.t.web.servlet.TestDispatcherServlet  : Initializing Servlet ''
2020-12-30 20:54:43.485  INFO 42140 --- [    Test worker] o.s.t.web.servlet.TestDispatcherServlet  : Completed initialization in 1 ms

MockHttpServletRequest:
      HTTP Method = GET
      Request URI = /gps/getClosestAttractions/internalUser1
       Parameters = {}
          Headers = [Content-Type:"application/json"]
             Body = <no character encoding set>
    Session Attrs = {}

Handler:
             Type = com.tourGuide.gps.controllers.GpsController
           Method = com.tourGuide.gps.controllers.GpsController#getClosestAttractions(String)

Async:
    Async started = false
     Async result = null

Resolved Exception:
             Type = null

ModelAndView:
        View name = null
             View = null
            Model = null

FlashMap:
       Attributes = null

MockHttpServletResponse:
           Status = 200
    Error message = null
          Headers = [Content-Type:"application/json"]
     Content type = application/json
             Body = []
    Forwarded URL = null
   Redirected URL = null
          Cookies = []
2020-12-30 20:54:43.527  INFO 42140 --- [    Test worker] o.s.s.concurrent.ThreadPoolTaskExecutor  : Shutting down ExecutorService 'applicationTaskExecutor'

  .   ____          _            __ _ _
 /\\ / ___'_ __ _ _(_)_ __  __ _ \ \ \ \
( ( )\___ | '_ | '_| | '_ \/ _` | \ \ \ \
 \\/  ___)| |_)| | | | | || (_| |  ) ) ) )
  '  |____| .__|_| |_|_| |_\__, | / / / /
 =========|_|==============|___/=/_/_/_/
 :: Spring Boot ::       (v2.4.0-SNAPSHOT)

2020-12-30 20:54:43.608  INFO 42140 --- [    Test worker] c.t.gps.controllers.GpsControllerIT      : Starting GpsControllerIT using Java 14.0.2 on PC-LUDO-2020 with PID 42140 (started by Ludo in C:\Users\Ludo\Documents\Eclipse\workspace\TourGuide\TourGuide-GPS)
2020-12-30 20:54:43.609 DEBUG 42140 --- [    Test worker] c.t.gps.controllers.GpsControllerIT      : Running with Spring Boot v2.4.0-SNAPSHOT, Spring v5.3.1
2020-12-30 20:54:43.609  INFO 42140 --- [    Test worker] c.t.gps.controllers.GpsControllerIT      : The following profiles are active: dev
2020-12-30 20:54:44.158  INFO 42140 --- [    Test worker] o.s.cloud.context.scope.GenericScope     : BeanFactory id=749c848d-5ae1-3476-8750-db9eb4f3df28
2020-12-30 20:54:44.644  INFO 42140 --- [    Test worker] o.s.b.a.e.web.EndpointLinksResolver      : Exposing 2 endpoint(s) beneath base path '/actuator'
2020-12-30 20:54:44.936  INFO 42140 --- [    Test worker] o.s.s.concurrent.ThreadPoolTaskExecutor  : Initializing ExecutorService 'applicationTaskExecutor'
2020-12-30 20:54:45.171  INFO 42140 --- [    Test worker] o.s.b.t.m.w.SpringBootMockServletContext : Initializing Spring TestDispatcherServlet ''
2020-12-30 20:54:45.171  INFO 42140 --- [    Test worker] o.s.t.web.servlet.TestDispatcherServlet  : Initializing Servlet ''
2020-12-30 20:54:45.172  INFO 42140 --- [    Test worker] o.s.t.web.servlet.TestDispatcherServlet  : Completed initialization in 1 ms
2020-12-30 20:54:45.400  INFO 42140 --- [    Test worker] c.t.gps.controllers.GpsControllerIT      : Started GpsControllerIT in 1.868 seconds (JVM running for 13.151)
2020-12-30 20:54:45.408  INFO 42140 --- [    Test worker] o.s.b.t.m.w.SpringBootMockServletContext : Initializing Spring TestDispatcherServlet ''
2020-12-30 20:54:45.409  INFO 42140 --- [    Test worker] o.s.t.web.servlet.TestDispatcherServlet  : Initializing Servlet ''
2020-12-30 20:54:45.410  INFO 42140 --- [    Test worker] o.s.t.web.servlet.TestDispatcherServlet  : Completed initialization in 1 ms

MockHttpServletRequest:
      HTTP Method = GET
      Request URI = /gps/getUserInstantLocation/123e4567-e89b-12d3-a456-426614174000
       Parameters = {}
          Headers = [Content-Type:"application/json"]
             Body = <no character encoding set>
    Session Attrs = {}

Handler:
             Type = com.tourGuide.gps.controllers.GpsController
           Method = com.tourGuide.gps.controllers.GpsController#getUserInstantLocation(UUID)

Async:
    Async started = false
     Async result = null

Resolved Exception:
             Type = null

ModelAndView:
        View name = null
             View = null
            Model = null

FlashMap:
       Attributes = null

MockHttpServletResponse:
           Status = 200
    Error message = null
          Headers = [Content-Type:"application/json"]
     Content type = application/json
             Body = {"userId":"123e4567-e89b-12d3-a456-426614174000","latitude":48.858331,"longitude":2.294481,"timeVisited":"2020-12-30T19:54:45.411+00:00"}
    Forwarded URL = null
   Redirected URL = null
          Cookies = []
2020-12-30 20:54:45.479  INFO 42140 --- [    Test worker] o.s.s.concurrent.ThreadPoolTaskExecutor  : Shutting down ExecutorService 'applicationTaskExecutor'
]]></system-out>
  <system-err><![CDATA[]]></system-err>
</testsuite>
