<?xml version="1.0" encoding="UTF-8"?>
<testsuite name="com.tourGuide.gps.util.EntityToDtoConverterTest" tests="2" skipped="0" failures="0" errors="0" timestamp="2020-12-30T19:54:49" hostname="PC-LUDO-2020" time="0.016">
  <properties/>
  <testcase name="AttractionDto - OK" classname="com.tourGuide.gps.util.EntityToDtoConverterTest" time="0.01"/>
  <testcase name="VisitedLocationDto - OK" classname="com.tourGuide.gps.util.EntityToDtoConverterTest" time="0.005"/>
  <system-out><![CDATA[2020-12-30 20:54:49.280  INFO 42140 --- [    Test worker] .b.t.c.SpringBootTestContextBootstrapper : Neither @ContextConfiguration nor @ContextHierarchy found for test class [com.tourGuide.gps.util.EntityToDtoConverterTest], using SpringBootContextLoader
2020-12-30 20:54:49.281  INFO 42140 --- [    Test worker] o.s.t.c.support.AbstractContextLoader    : Could not detect default resource locations for test class [com.tourGuide.gps.util.EntityToDtoConverterTest]: no resource found for suffixes {-context.xml, Context.groovy}.
2020-12-30 20:54:49.281  INFO 42140 --- [    Test worker] t.c.s.AnnotationConfigContextLoaderUtils : Could not detect default configuration classes for test class [com.tourGuide.gps.util.EntityToDtoConverterTest]: EntityToDtoConverterTest does not declare any static, non-private, non-final, nested classes annotated with @Configuration.
2020-12-30 20:54:49.282  INFO 42140 --- [    Test worker] .b.t.c.SpringBootTestContextBootstrapper : Found @SpringBootConfiguration com.tourGuide.gps.GpsApplication for test class com.tourGuide.gps.util.EntityToDtoConverterTest
2020-12-30 20:54:49.284  INFO 42140 --- [    Test worker] .b.t.c.SpringBootTestContextBootstrapper : Loaded default TestExecutionListener class names from location [META-INF/spring.factories]: [org.springframework.boot.test.autoconfigure.restdocs.RestDocsTestExecutionListener, org.springframework.boot.test.autoconfigure.web.client.MockRestServiceServerResetTestExecutionListener, org.springframework.boot.test.autoconfigure.web.servlet.MockMvcPrintOnlyOnFailureTestExecutionListener, org.springframework.boot.test.autoconfigure.web.servlet.WebDriverTestExecutionListener, org.springframework.boot.test.autoconfigure.webservices.client.MockWebServiceServerTestExecutionListener, org.springframework.boot.test.mock.mockito.MockitoTestExecutionListener, org.springframework.boot.test.mock.mockito.ResetMocksTestExecutionListener, org.springframework.test.context.web.ServletTestExecutionListener, org.springframework.test.context.support.DirtiesContextBeforeModesTestExecutionListener, org.springframework.test.context.support.DependencyInjectionTestExecutionListener, org.springframework.test.context.support.DirtiesContextTestExecutionListener, org.springframework.test.context.transaction.TransactionalTestExecutionListener, org.springframework.test.context.jdbc.SqlScriptsTestExecutionListener, org.springframework.test.context.event.EventPublishingTestExecutionListener]
2020-12-30 20:54:49.285  INFO 42140 --- [    Test worker] .b.t.c.SpringBootTestContextBootstrapper : Using TestExecutionListeners: [org.springframework.test.context.web.ServletTestExecutionListener@1de10344, org.springframework.test.context.support.DirtiesContextBeforeModesTestExecutionListener@147ba609, org.springframework.boot.test.mock.mockito.MockitoTestExecutionListener@5101dd19, org.springframework.boot.test.autoconfigure.SpringBootDependencyInjectionTestExecutionListener@50749fb, org.springframework.test.context.support.DirtiesContextTestExecutionListener@10e9913c, org.springframework.test.context.event.EventPublishingTestExecutionListener@59eb36c6, org.springframework.boot.test.autoconfigure.restdocs.RestDocsTestExecutionListener@65dc1f7, org.springframework.boot.test.autoconfigure.web.client.MockRestServiceServerResetTestExecutionListener@392a1856, org.springframework.boot.test.autoconfigure.web.servlet.MockMvcPrintOnlyOnFailureTestExecutionListener@65160e3e, org.springframework.boot.test.autoconfigure.web.servlet.WebDriverTestExecutionListener@654b595c, org.springframework.boot.test.autoconfigure.webservices.client.MockWebServiceServerTestExecutionListener@df17e7b, org.springframework.boot.test.mock.mockito.ResetMocksTestExecutionListener@64702f3b]
]]></system-out>
  <system-err><![CDATA[]]></system-err>
</testsuite>
